-------------------------------------------------------------------------------
Test set: proyecto.finalt4.Finalt4ApplicationTests
-------------------------------------------------------------------------------
Tests run: 1, Failures: 0, Errors: 1, Skipped: 0, Time elapsed: 4.857 s <<< FAILURE! - in proyecto.finalt4.Finalt4ApplicationTests
contextLoads(proyecto.finalt4.Finalt4ApplicationTests)  Time elapsed: 0.008 s  <<< ERROR!
java.lang.IllegalStateException: Failed to load ApplicationContext
Caused by: org.springframework.beans.factory.UnsatisfiedDependencyException: Error creating bean with name 'productoRestController': Unsatisfied dependency expressed through field 'productoRepository'; nested exception is org.springframework.beans.factory.BeanCreationException: Error creating bean with name 'productoRepository': Cannot create inner bean '(inner bean)#3c7279a5' of type [org.springframework.orm.jpa.SharedEntityManagerCreator] while setting bean property 'entityManager'; nested exception is org.springframework.beans.factory.BeanCreationException: Error creating bean with name '(inner bean)#3c7279a5': Cannot resolve reference to bean 'entityManagerFactory' while setting constructor argument; nested exception is org.springframework.beans.factory.BeanCreationException: Error creating bean with name 'entityManagerFactory': Post-processing of FactoryBean's singleton object failed; nested exception is org.springframework.jdbc.datasource.init.ScriptStatementFailedException: Failed to execute SQL script statement #1 of URL [file:/home/alejopc/dev/Proyect/ProyectoFinal/finalt4/target/classes/data.sql]: INSERT INTO Productos (nombre, precio, cantidad) VALUES ('Mesa', 1200, 3, 'Interior'); nested exception is java.sql.SQLSyntaxErrorException: The number of values assigned is not the same as the number of specified or implied columns.
Caused by: org.springframework.beans.factory.BeanCreationException: Error creating bean with name 'productoRepository': Cannot create inner bean '(inner bean)#3c7279a5' of type [org.springframework.orm.jpa.SharedEntityManagerCreator] while setting bean property 'entityManager'; nested exception is org.springframework.beans.factory.BeanCreationException: Error creating bean with name '(inner bean)#3c7279a5': Cannot resolve reference to bean 'entityManagerFactory' while setting constructor argument; nested exception is org.springframework.beans.factory.BeanCreationException: Error creating bean with name 'entityManagerFactory': Post-processing of FactoryBean's singleton object failed; nested exception is org.springframework.jdbc.datasource.init.ScriptStatementFailedException: Failed to execute SQL script statement #1 of URL [file:/home/alejopc/dev/Proyect/ProyectoFinal/finalt4/target/classes/data.sql]: INSERT INTO Productos (nombre, precio, cantidad) VALUES ('Mesa', 1200, 3, 'Interior'); nested exception is java.sql.SQLSyntaxErrorException: The number of values assigned is not the same as the number of specified or implied columns.
Caused by: org.springframework.beans.factory.BeanCreationException: Error creating bean with name '(inner bean)#3c7279a5': Cannot resolve reference to bean 'entityManagerFactory' while setting constructor argument; nested exception is org.springframework.beans.factory.BeanCreationException: Error creating bean with name 'entityManagerFactory': Post-processing of FactoryBean's singleton object failed; nested exception is org.springframework.jdbc.datasource.init.ScriptStatementFailedException: Failed to execute SQL script statement #1 of URL [file:/home/alejopc/dev/Proyect/ProyectoFinal/finalt4/target/classes/data.sql]: INSERT INTO Productos (nombre, precio, cantidad) VALUES ('Mesa', 1200, 3, 'Interior'); nested exception is java.sql.SQLSyntaxErrorException: The number of values assigned is not the same as the number of specified or implied columns.
Caused by: org.springframework.beans.factory.BeanCreationException: Error creating bean with name 'entityManagerFactory': Post-processing of FactoryBean's singleton object failed; nested exception is org.springframework.jdbc.datasource.init.ScriptStatementFailedException: Failed to execute SQL script statement #1 of URL [file:/home/alejopc/dev/Proyect/ProyectoFinal/finalt4/target/classes/data.sql]: INSERT INTO Productos (nombre, precio, cantidad) VALUES ('Mesa', 1200, 3, 'Interior'); nested exception is java.sql.SQLSyntaxErrorException: The number of values assigned is not the same as the number of specified or implied columns.
Caused by: org.springframework.jdbc.datasource.init.ScriptStatementFailedException: Failed to execute SQL script statement #1 of URL [file:/home/alejopc/dev/Proyect/ProyectoFinal/finalt4/target/classes/data.sql]: INSERT INTO Productos (nombre, precio, cantidad) VALUES ('Mesa', 1200, 3, 'Interior'); nested exception is java.sql.SQLSyntaxErrorException: The number of values assigned is not the same as the number of specified or implied columns.
Caused by: java.sql.SQLSyntaxErrorException: The number of values assigned is not the same as the number of specified or implied columns.
Caused by: org.apache.derby.iapi.error.StandardException: The number of values assigned is not the same as the number of specified or implied columns.

